********************************************************************************
DUPLICATOR-LITE PACKAGE-LOG: 2017-02-06 00:10:35
NOTICE: Do NOT post to public sites or forums 
********************************************************************************
VERSION:	1.1.30
WORDPRESS:	4.7.2
PHP INFO:	5.6.28 | SAPI: apache2handler
SERVER:		Apache/2.4.23 (Unix) OpenSSL/1.0.2j PHP/5.6.28 mod_perl/2.0.8-dev Perl/v5.16.3 
PHP TIME LIMIT: (0) no time limit imposed 
PHP MAX MEMORY: 2048M (128M default) 
MEMORY STACK: 32.5MB 

********************************************************************************
DATABASE:
********************************************************************************
BUILD MODE:   PHP(query limit - 100)
MYSQLTIMEOUT: 5000
MYSQLDUMP:    Not Supported 
TABLES: total:13 | filtered:0 | create:13 
FILTERED: [] 
SQL CREATED: 20170206_jfprofessionaldetailing_5897bef88ca6a1447170206001032_database.sql 
SQL FILE SIZE: 1.27MB (1336467) 
SQL FILE TIME: 2017-02-06 00:10:35 
SQL RUNTIME: 0.05 sec. 

******************************************************************************** 
ARCHIVE (ZIP): 
******************************************************************************** 
ARCHIVE DIR:  /Applications/XAMPP/xamppfiles/htdocs/jfpd_wp 
ARCHIVE FILE: 20170206_jfprofessionaldetailing_5897bef88ca6a1447170206001032_archive.zip 
FILTERS: *OFF* 
DIRS: not set 
EXTS:  not set 
---------------------------------------- 
COMPRESSING 
SIZE:	113.51MB 
STATS:	Dirs 466 | Files 3,358 
SQL ADDED: 20170206_jfprofessionaldetailing_5897bef88ca6a1447170206001032_database.sql 
ZipArchive Object
(
    [status] => 0
    [statusSys] => 0
    [numFiles] => 3824
    [filename] => /Applications/XAMPP/xamppfiles/htdocs/jfpd_wp/wp-snapshots/tmp/20170206_jfprofessionaldetailing_5897bef88ca6a1447170206001032_archive.zip
    [comment] => 
)
 
COMPRESSION RESULT: '1' 
COMPRESSED SIZE: 80.88MB 
ARCHIVE RUNTIME: 5.38 sec. 
MEMORY STACK: 34.25MB 

******************************************************************************** 
MAKE INSTALLER: 
******************************************************************************** 
Build Start 
Build Finished 
Preping for use 
Template parsed with new data 
Complete [/Applications/XAMPP/xamppfiles/htdocs/jfpd_wp/wp-snapshots/tmp/20170206_jfprofessionaldetailing_5897bef88ca6a1447170206001032_installer.php] 
Added to archive 

******************************************************************************** 
INTEGRITY CHECKS: 
******************************************************************************** 
SQL File: 1.27MB 
Installer File: 383.04KB 
Archive File: 80.88MB  

********************************************************************************
RECORD ID:[1]
TOTAL PROCESS RUNTIME: 5.78 sec.
PEAK PHP MEMORY USED: 36.75MB
DONE PROCESSING => 20170206_jfprofessionaldetailing 2017-02-06 00:10:41
 
